0 info it worked if it ends with ok
1 verbose cli [ 'c:\\Program Files\\nodejs\\node.exe',
1 verbose cli   'c:\\Program Files\\nodejs\\node_modules\\npm\\bin\\npm-cli.js',
1 verbose cli   'install',
1 verbose cli   'gamejs',
1 verbose cli   '--save' ]
2 info using npm@1.2.30
3 info using node@v0.10.11
4 verbose read json c:\Users\Schwarz\Programming\Pokemon\package.json
5 warn package.json Pokemon@0.0.1 No repository field.
6 verbose read json c:\Users\Schwarz\Programming\Pokemon\node_modules\amd-loader\package.json
7 verbose read json c:\Users\Schwarz\Programming\Pokemon\node_modules\cron\package.json
8 verbose read json c:\Users\Schwarz\Programming\Pokemon\node_modules\ejs\package.json
9 verbose read json c:\Users\Schwarz\Programming\Pokemon\node_modules\ejs-locals\package.json
10 verbose read json c:\Users\Schwarz\Programming\Pokemon\node_modules\express\package.json
11 verbose read json c:\Users\Schwarz\Programming\Pokemon\node_modules\socket.io\package.json
12 verbose from cache c:\Users\Schwarz\Programming\Pokemon\package.json
13 verbose readDependencies using package.json deps
14 verbose cache add [ 'gamejs', null ]
15 verbose cache add name=undefined spec="gamejs" args=["gamejs",null]
16 verbose parsed url { protocol: null,
16 verbose parsed url   slashes: null,
16 verbose parsed url   auth: null,
16 verbose parsed url   host: null,
16 verbose parsed url   port: null,
16 verbose parsed url   hostname: null,
16 verbose parsed url   hash: null,
16 verbose parsed url   search: null,
16 verbose parsed url   query: null,
16 verbose parsed url   pathname: 'gamejs',
16 verbose parsed url   path: 'gamejs',
16 verbose parsed url   href: 'gamejs' }
17 silly lockFile 6f423b5c-gamejs gamejs
18 verbose lock gamejs C:\Users\Schwarz\AppData\Roaming\npm-cache\6f423b5c-gamejs.lock
19 silly lockFile 6f423b5c-gamejs gamejs
20 silly lockFile 6f423b5c-gamejs gamejs
21 verbose addNamed [ 'gamejs', '' ]
22 verbose addNamed [ null, '' ]
23 silly lockFile 4e44bbcd-gamejs gamejs@
24 verbose lock gamejs@ C:\Users\Schwarz\AppData\Roaming\npm-cache\4e44bbcd-gamejs.lock
25 silly addNameRange { name: 'gamejs', range: '', hasData: false }
26 verbose url raw gamejs
27 verbose url resolving [ 'https://registry.npmjs.org/', './gamejs' ]
28 verbose url resolved https://registry.npmjs.org/gamejs
29 info trying registry request attempt 1 at 13:08:33
30 http GET https://registry.npmjs.org/gamejs
31 http 404 https://registry.npmjs.org/gamejs
32 silly registry.get cb [ 404,
32 silly registry.get   { server: 'CouchDB/1.3.0 (Erlang OTP/R15B03)',
32 silly registry.get     date: 'Tue, 09 Jul 2013 17:08:35 GMT',
32 silly registry.get     'content-type': 'application/json',
32 silly registry.get     'content-length': '52',
32 silly registry.get     'cache-control': 'must-revalidate' } ]
33 silly lockFile 4e44bbcd-gamejs gamejs@
34 silly lockFile 4e44bbcd-gamejs gamejs@
35 error 404 'gamejs' is not in the npm registry.
35 error 404 You should bug the author to publish it
35 error 404
35 error 404 Note that you can also install from a
35 error 404 tarball, folder, or http url, or git url.
36 error System Windows_NT 6.1.7601
37 error command "c:\\Program Files\\nodejs\\node.exe" "c:\\Program Files\\nodejs\\node_modules\\npm\\bin\\npm-cli.js" "install" "gamejs" "--save"
38 error cwd c:\Users\Schwarz\Programming\Pokemon
39 error node -v v0.10.11
40 error npm -v 1.2.30
41 error code E404
42 verbose exit [ 1, true ]
